{"asctime": "2026-06-18 16:44:24,776", "name": "cp_client", "levelname": "INFO", "message": "Tentando conectar a ws://localhost:8081/cp001", "station_id": "cp001", "connector_id": null, "transaction_id": null}
{"asctime": "2026-06-18 16:44:27,641", "name": "cp_client", "levelname": "INFO", "message": "SendBootNotification.conf recebido com 'status': 'Accepted'", "station_id": "cp001", "connector_id": null, "transaction_id": null}
{"asctime": "2026-06-18 16:44:27,703", "name": "cp_client", "levelname": "INFO", "message": "StatusNotification.req enviado com 'status': 'Available'", "station_id": "cp001", "connector_id": null, "transaction_id": null}
{"asctime": "2026-06-18 16:44:27,752", "name": "cp_client", "levelname": "INFO", "message": "StatusNotification.req enviado com 'status': 'Available'", "station_id": "cp001", "connector_id": null, "transaction_id": null}
{"asctime": "2026-06-18 16:45:01,416", "name": "cp_client", "levelname": "INFO", "message": "RemoteStartTransaction recebido: id_tag=A1B2C3D4, connector_id=1", "station_id": "cp001", "connector_id": 1, "transaction_id": null}
{"asctime": "2026-06-18 16:45:03,749", "name": "cp_client", "levelname": "INFO", "message": "StartTransaction.conf 'status': Accepted, 'meter_start' : 10000", "station_id": "cp001", "connector_id": 1, "transaction_id": null}
{"asctime": "2026-06-18 16:45:03,799", "name": "cp_client", "levelname": "INFO", "message": "StatusNotification.req enviado com 'status': 'Occupied'", "station_id": "cp001", "connector_id": 1, "transaction_id": null}
{"asctime": "2026-06-18 16:46:28,378", "name": "cp_client", "levelname": "INFO", "message": "MeterValue Updated enviado medicao: 10462, 'context':Sample.Periodic", "station_id": "cp001", "connector_id": 1, "transaction_id": null}
{"asctime": "2026-06-18 16:46:58,447", "name": "cp_client", "levelname": "INFO", "message": "MeterValue Updated enviado medicao: 10925, 'context':Sample.Periodic", "station_id": "cp001", "connector_id": 1, "transaction_id": null}
{"asctime": "2026-06-18 16:47:28,522", "name": "cp_client", "levelname": "INFO", "message": "MeterValue Updated enviado medicao: 11387, 'context':Sample.Periodic", "station_id": "cp001", "connector_id": 1, "transaction_id": null}
{"asctime": "2026-06-18 16:48:33,856", "name": "cp_client", "levelname": "INFO", "message": "StopTransaction.conf 'meter_stop' : 11387", "station_id": "cp001", "connector_id": 1, "transaction_id": null}
{"asctime": "2026-06-18 16:48:33,874", "name": "cp_client", "levelname": "INFO", "message": "MeterValue Updated enviado medicao: 11850, 'context':Sample.Periodic", "station_id": "cp001", "connector_id": 1, "transaction_id": null}
{"asctime": "2026-06-18 16:48:33,901", "name": "cp_client", "levelname": "INFO", "message": "StatusNotification.req enviado com 'status': 'Occupied'", "station_id": "cp001", "connector_id": 1, "transaction_id": null}
{"asctime": "2026-06-18 16:49:03,910", "name": "cp_client", "levelname": "ERROR", "message": "Erro no TransactionEvent.req: ProtocolError: Payload for Action is incomplete,  {'cause': \"'transactionId' is a required property\"}", "station_id": "cp001", "connector_id": 1, "transaction_id": null}
{"asctime": "2026-06-18 16:49:33,919", "name": "cp_client", "levelname": "ERROR", "message": "Erro no TransactionEvent.req: ProtocolError: Payload for Action is incomplete,  {'cause': \"'transactionId' is a required property\"}", "station_id": "cp001", "connector_id": 1, "transaction_id": null}
{"asctime": "2026-06-18 16:49:35,205", "name": "cp_client", "levelname": "INFO", "message": "Cancelamento detectado, encerrando tarefas internas...", "station_id": "cp001", "connector_id": null, "transaction_id": null}
{"asctime": "2026-06-18 16:49:35,206", "name": "cp_client", "levelname": "INFO", "message": "Tarefa de heartbeat cancelada", "station_id": "cp001", "connector_id": null, "transaction_id": null}
{"asctime": "2026-06-18 16:49:35,210", "name": "cp_client", "levelname": "ERROR", "message": "Erro inesperado: can't multiply sequence by non-int of type 'list'", "station_id": "cp001", "connector_id": null, "transaction_id": null, "exc_info": "Traceback (most recent call last):\n  File \"/home/DebianWSL/ocpp-client-v201/client_ocpp201_test_env/cp_client/client.py\", line 573, in run_charge_point_with_reconnect\n    done, pending = await asyncio.wait(\n                    ^^^^^^^^^^^^^^^^^^^\n    ...<3 lines>...\n    )\n    ^\n  File \"/usr/lib/python3.13/asyncio/tasks.py\", line 451, in wait\n    return await _wait(fs, timeout, return_when, loop)\n           ^^^^^^^^^^^^^^^^^^^^^^^^^^^^^^^^^^^^^^^^^^^\n  File \"/usr/lib/python3.13/asyncio/tasks.py\", line 537, in _wait\n    await waiter\nasyncio.exceptions.CancelledError\n\nDuring handling of the above exception, another exception occurred:\n\nTraceback (most recent call last):\n  File \"/home/DebianWSL/ocpp-client-v201/client_ocpp201_test_env/cp_client/client.py\", line 614, in run_charge_point_with_reconnect\n    '''*[t for t in (start_task, heartbeat_task, periodic_meter_values_task) if t],'''\n    ~~~~~~~~~~~~~~~~~~~~~~~~~~~~~~~~~~~~~~~~~~~~~~~~~~~~~~~~~~~~~~~~~~~~~~~~~~~~~~~~~~\n    *[t for t in (start_task, heartbeat_task) if t],\n    ^~~~~~~~~~~~~~~~~~~~~~~~~~~~~~~~~~~~~~~~~~~~~~~\nTypeError: can't multiply sequence by non-int of type 'list'"}
{"asctime": "2026-06-18 16:49:39,751", "name": "cp_client", "levelname": "INFO", "message": "Processador de comandos cancelado", "station_id": "cp001", "connector_id": null, "transaction_id": null}
{"asctime": "2026-06-18 16:49:39,762", "name": "cp_client", "levelname": "ERROR", "message": "Erro no TransactionEvent.req: ProtocolError: Payload for Action is incomplete,  {'cause': \"'transactionId' is a required property\"}", "station_id": "cp001", "connector_id": 1, "transaction_id": null}
